<?xml version="1.0" encoding="UTF-8"?>
<testsuite name="hello.GreetingRouterTest" tests="1" skipped="0" failures="0" errors="0" timestamp="2021-03-26T15:45:17" hostname="C02LK9W5FD56" time="3.27">
  <properties/>
  <testcase name="testHello()" classname="hello.GreetingRouterTest" time="3.27"/>
  <system-out><![CDATA[16:45:14.722 [Test worker] DEBUG org.springframework.test.context.BootstrapUtils - Instantiating CacheAwareContextLoaderDelegate from class [org.springframework.test.context.cache.DefaultCacheAwareContextLoaderDelegate]
16:45:14.734 [Test worker] DEBUG org.springframework.test.context.BootstrapUtils - Instantiating BootstrapContext using constructor [public org.springframework.test.context.support.DefaultBootstrapContext(java.lang.Class,org.springframework.test.context.CacheAwareContextLoaderDelegate)]
16:45:14.780 [Test worker] DEBUG org.springframework.test.context.BootstrapUtils - Instantiating TestContextBootstrapper for test class [hello.GreetingRouterTest] from class [org.springframework.boot.test.context.SpringBootTestContextBootstrapper]
16:45:14.793 [Test worker] INFO org.springframework.boot.test.context.SpringBootTestContextBootstrapper - Neither @ContextConfiguration nor @ContextHierarchy found for test class [hello.GreetingRouterTest], using SpringBootContextLoader
16:45:14.797 [Test worker] DEBUG org.springframework.test.context.support.AbstractContextLoader - Did not detect default resource location for test class [hello.GreetingRouterTest]: class path resource [hello/GreetingRouterTest-context.xml] does not exist
16:45:14.797 [Test worker] DEBUG org.springframework.test.context.support.AbstractContextLoader - Did not detect default resource location for test class [hello.GreetingRouterTest]: class path resource [hello/GreetingRouterTestContext.groovy] does not exist
16:45:14.798 [Test worker] INFO org.springframework.test.context.support.AbstractContextLoader - Could not detect default resource locations for test class [hello.GreetingRouterTest]: no resource found for suffixes {-context.xml, Context.groovy}.
16:45:14.798 [Test worker] INFO org.springframework.test.context.support.AnnotationConfigContextLoaderUtils - Could not detect default configuration classes for test class [hello.GreetingRouterTest]: GreetingRouterTest does not declare any static, non-private, non-final, nested classes annotated with @Configuration.
16:45:14.849 [Test worker] DEBUG org.springframework.test.context.support.ActiveProfilesUtils - Could not find an 'annotation declaring class' for annotation type [org.springframework.test.context.ActiveProfiles] and class [hello.GreetingRouterTest]
16:45:14.927 [Test worker] DEBUG org.springframework.context.annotation.ClassPathScanningCandidateComponentProvider - Identified candidate component class: file [/Users/wieslawbaranowski/work/rust_work/ra_work/ra/java/spring-webflux/build/classes/java/main/hello/Application.class]
16:45:14.934 [Test worker] INFO org.springframework.boot.test.context.SpringBootTestContextBootstrapper - Found @SpringBootConfiguration hello.Application for test class hello.GreetingRouterTest
16:45:15.036 [Test worker] DEBUG org.springframework.boot.test.context.SpringBootTestContextBootstrapper - @TestExecutionListeners is not present for class [hello.GreetingRouterTest]: using defaults.
16:45:15.036 [Test worker] INFO org.springframework.boot.test.context.SpringBootTestContextBootstrapper - Loaded default TestExecutionListener class names from location [META-INF/spring.factories]: [org.springframework.boot.test.autoconfigure.restdocs.RestDocsTestExecutionListener, org.springframework.boot.test.autoconfigure.web.client.MockRestServiceServerResetTestExecutionListener, org.springframework.boot.test.autoconfigure.web.servlet.MockMvcPrintOnlyOnFailureTestExecutionListener, org.springframework.boot.test.autoconfigure.web.servlet.WebDriverTestExecutionListener, org.springframework.boot.test.autoconfigure.webservices.client.MockWebServiceServerTestExecutionListener, org.springframework.boot.test.mock.mockito.MockitoTestExecutionListener, org.springframework.boot.test.mock.mockito.ResetMocksTestExecutionListener, org.springframework.test.context.web.ServletTestExecutionListener, org.springframework.test.context.support.DirtiesContextBeforeModesTestExecutionListener, org.springframework.test.context.event.ApplicationEventsTestExecutionListener, org.springframework.test.context.support.DependencyInjectionTestExecutionListener, org.springframework.test.context.support.DirtiesContextTestExecutionListener, org.springframework.test.context.transaction.TransactionalTestExecutionListener, org.springframework.test.context.jdbc.SqlScriptsTestExecutionListener, org.springframework.test.context.event.EventPublishingTestExecutionListener]
16:45:15.043 [Test worker] DEBUG org.springframework.boot.test.context.SpringBootTestContextBootstrapper - Skipping candidate TestExecutionListener [org.springframework.test.context.web.ServletTestExecutionListener] due to a missing dependency. Specify custom listener classes or make the default listener classes and their required dependencies available. Offending class: [javax/servlet/ServletContext]
16:45:15.045 [Test worker] DEBUG org.springframework.boot.test.context.SpringBootTestContextBootstrapper - Skipping candidate TestExecutionListener [org.springframework.test.context.transaction.TransactionalTestExecutionListener] due to a missing dependency. Specify custom listener classes or make the default listener classes and their required dependencies available. Offending class: [org/springframework/transaction/TransactionDefinition]
16:45:15.046 [Test worker] DEBUG org.springframework.boot.test.context.SpringBootTestContextBootstrapper - Skipping candidate TestExecutionListener [org.springframework.test.context.jdbc.SqlScriptsTestExecutionListener] due to a missing dependency. Specify custom listener classes or make the default listener classes and their required dependencies available. Offending class: [org/springframework/transaction/interceptor/TransactionAttribute]
16:45:15.046 [Test worker] INFO org.springframework.boot.test.context.SpringBootTestContextBootstrapper - Using TestExecutionListeners: [org.springframework.test.context.support.DirtiesContextBeforeModesTestExecutionListener@4d0f2ef7, org.springframework.test.context.event.ApplicationEventsTestExecutionListener@5e3c949a, org.springframework.boot.test.mock.mockito.MockitoTestExecutionListener@68a00b68, org.springframework.boot.test.autoconfigure.SpringBootDependencyInjectionTestExecutionListener@5f3ed9ad, org.springframework.test.context.support.DirtiesContextTestExecutionListener@6bf23c2b, org.springframework.test.context.event.EventPublishingTestExecutionListener@51d0fd8b, org.springframework.boot.test.autoconfigure.restdocs.RestDocsTestExecutionListener@39434792, org.springframework.boot.test.autoconfigure.web.client.MockRestServiceServerResetTestExecutionListener@101902a6, org.springframework.boot.test.autoconfigure.web.servlet.MockMvcPrintOnlyOnFailureTestExecutionListener@6a7067ea, org.springframework.boot.test.autoconfigure.web.servlet.WebDriverTestExecutionListener@3c9ae38a, org.springframework.boot.test.autoconfigure.webservices.client.MockWebServiceServerTestExecutionListener@1fc64c5c, org.springframework.boot.test.mock.mockito.ResetMocksTestExecutionListener@47927130]
16:45:15.051 [Test worker] DEBUG org.springframework.test.context.support.AbstractDirtiesContextTestExecutionListener - Before test class: context [DefaultTestContext@3779da43 testClass = GreetingRouterTest, testInstance = [null], testMethod = [null], testException = [null], mergedContextConfiguration = [ReactiveWebMergedContextConfiguration@53f5f9c1 testClass = GreetingRouterTest, locations = '{}', classes = '{class hello.Application}', contextInitializerClasses = '[]', activeProfiles = '{}', propertySourceLocations = '{}', propertySourceProperties = '{org.springframework.boot.test.context.SpringBootTestContextBootstrapper=true, server.port=0}', contextCustomizers = set[org.springframework.boot.test.autoconfigure.actuate.metrics.MetricsExportContextCustomizerFactory$DisableMetricExportContextCustomizer@5eef009d, org.springframework.boot.test.autoconfigure.properties.PropertyMappingContextCustomizer@0, org.springframework.boot.test.autoconfigure.web.servlet.WebDriverContextCustomizerFactory$Customizer@564cce48, org.springframework.boot.test.context.filter.ExcludeFilterContextCustomizer@4c0da80, org.springframework.boot.test.json.DuplicateJsonObjectContextCustomizerFactory$DuplicateJsonObjectContextCustomizer@a631030, org.springframework.boot.test.mock.mockito.MockitoContextCustomizer@0, org.springframework.boot.test.web.client.TestRestTemplateContextCustomizer@e679074, org.springframework.boot.test.web.reactive.server.WebTestClientContextCustomizer@2915ea07, org.springframework.boot.test.context.SpringBootTestArgs@1, org.springframework.boot.test.context.SpringBootTestWebEnvironment@397dfdff], contextLoader = 'org.springframework.boot.test.context.SpringBootContextLoader', parent = [null]], attributes = map['org.springframework.test.context.web.ServletTestExecutionListener.activateListener' -> false]], class annotated with @DirtiesContext [false] with mode [null].
16:45:15.063 [Test worker] DEBUG org.springframework.test.context.support.DependencyInjectionTestExecutionListener - Performing dependency injection for test context [[DefaultTestContext@3779da43 testClass = GreetingRouterTest, testInstance = hello.GreetingRouterTest@2c6fdb01, testMethod = [null], testException = [null], mergedContextConfiguration = [ReactiveWebMergedContextConfiguration@53f5f9c1 testClass = GreetingRouterTest, locations = '{}', classes = '{class hello.Application}', contextInitializerClasses = '[]', activeProfiles = '{}', propertySourceLocations = '{}', propertySourceProperties = '{org.springframework.boot.test.context.SpringBootTestContextBootstrapper=true, server.port=0}', contextCustomizers = set[org.springframework.boot.test.autoconfigure.actuate.metrics.MetricsExportContextCustomizerFactory$DisableMetricExportContextCustomizer@5eef009d, org.springframework.boot.test.autoconfigure.properties.PropertyMappingContextCustomizer@0, org.springframework.boot.test.autoconfigure.web.servlet.WebDriverContextCustomizerFactory$Customizer@564cce48, org.springframework.boot.test.context.filter.ExcludeFilterContextCustomizer@4c0da80, org.springframework.boot.test.json.DuplicateJsonObjectContextCustomizerFactory$DuplicateJsonObjectContextCustomizer@a631030, org.springframework.boot.test.mock.mockito.MockitoContextCustomizer@0, org.springframework.boot.test.web.client.TestRestTemplateContextCustomizer@e679074, org.springframework.boot.test.web.reactive.server.WebTestClientContextCustomizer@2915ea07, org.springframework.boot.test.context.SpringBootTestArgs@1, org.springframework.boot.test.context.SpringBootTestWebEnvironment@397dfdff], contextLoader = 'org.springframework.boot.test.context.SpringBootContextLoader', parent = [null]], attributes = map['org.springframework.test.context.web.ServletTestExecutionListener.activateListener' -> false, 'org.springframework.test.context.event.ApplicationEventsTestExecutionListener.recordApplicationEvents' -> false]]].
16:45:15.086 [Test worker] DEBUG org.springframework.test.context.support.TestPropertySourceUtils - Adding inlined properties to environment: {spring.jmx.enabled=false, org.springframework.boot.test.context.SpringBootTestContextBootstrapper=true, server.port=0}

  .   ____          _            __ _ _
 /\\ / ___'_ __ _ _(_)_ __  __ _ \ \ \ \
( ( )\___ | '_ | '_| | '_ \/ _` | \ \ \ \
 \\/  ___)| |_)| | | | | || (_| |  ) ) ) )
  '  |____| .__|_| |_|_| |_\__, | / / / /
 =========|_|==============|___/=/_/_/_/
 :: Spring Boot ::                (v2.4.3)

2021-03-26 16:45:15.529  INFO 11168 --- [    Test worker] hello.GreetingRouterTest                 : Starting GreetingRouterTest using Java 1.8.0_275 on C02LK9W5FD56 with PID 11168 (started by wieslawbaranowski in /Users/wieslawbaranowski/work/rust_work/ra_work/ra/java/spring-webflux)
2021-03-26 16:45:15.569  INFO 11168 --- [    Test worker] hello.GreetingRouterTest                 : No active profile set, falling back to default profiles: default
2021-03-26 16:45:17.651  INFO 11168 --- [    Test worker] o.s.b.web.embedded.netty.NettyWebServer  : Netty started on port 56955
2021-03-26 16:45:17.667  INFO 11168 --- [    Test worker] hello.GreetingRouterTest                 : Started GreetingRouterTest in 2.577 seconds (JVM running for 3.84)
]]></system-out>
  <system-err><![CDATA[]]></system-err>
</testsuite>
